#
# A fatal error has been detected by the Java Runtime Environment:
#
#  EXCEPTION_ACCESS_VIOLATION (0xc0000005) at pc=0x00007fff693ce8c9, pid=15848, tid=20808
#
# JRE version: Java(TM) SE Runtime Environment (15.0.2+7) (build 15.0.2+7-27)
# Java VM: Java HotSpot(TM) 64-Bit Server VM (15.0.2+7-27, mixed mode, sharing, tiered, compressed oops, g1 gc, windows-amd64)
# Problematic frame:
# C  [ig9icd64.dll+0x5ae8c9]
#
# No core dump will be written. Minidumps are not enabled by default on client versions of Windows
#
# If you would like to submit a bug report, please visit:
#   https://bugreport.java.com/bugreport/crash.jsp
# The crash happened outside the Java Virtual Machine in native code.
# See problematic frame for where to report the bug.
#

---------------  S U M M A R Y ------------

Command Line: -Dfile.encoding=UTF-8 --module-path=C:\Users\thesk\Documents\Projects\XJGE\XJGE-2\build\classes dev.theskidster.xjge2.test.Test

Host: Intel(R) Core(TM) i7-6700HQ CPU @ 2.60GHz, 8 cores, 7G,  Windows 10 , 64 bit Build 19041 (10.0.19041.928)
Time: Tue May 18 17:17:12 2021 Central Daylight Time elapsed time: 1.261171 seconds (0d 0h 0m 1s)

---------------  T H R E A D  ---------------

Current thread (0x000002be0b513850):  JavaThread "main" [_thread_in_native, id=20808, stack(0x000000da0ee00000,0x000000da0ef00000)]

Stack: [0x000000da0ee00000,0x000000da0ef00000],  sp=0x000000da0eefe7e0,  free space=1017k
Native frames: (J=compiled Java code, j=interpreted, Vv=VM code, C=native code)
C  [ig9icd64.dll+0x5ae8c9]

Java frames: (J=compiled Java code, j=interpreted, Vv=VM code)
j  org.lwjgl.opengl.GL11C.nglTexImage2D(IIIIIIIIJ)V+0
j  org.lwjgl.opengl.GL11C.glTexImage2D(IIIIIIIILjava/nio/ByteBuffer;)V+17
j  dev.theskidster.xjge2.ui.Font.loadFont(Ljava/io/InputStream;I)V+705
j  dev.theskidster.xjge2.ui.Font.<init>(Ljava/lang/String;I)V+111
j  dev.theskidster.xjge2.core.TestWidget.<init>()V+53
j  dev.theskidster.xjge2.core.XJGE.start()V+21
j  dev.theskidster.xjge2.test.Test.main([Ljava/lang/String;)V+18
v  ~StubRoutines::call_stub

siginfo: EXCEPTION_ACCESS_VIOLATION (0xc0000005), reading address 0x000002be2b2b60e0


Register to memory mapping:

RIP=0x00007fff693ce8c9 ig9icd64.dll
RAX=0x0000000000028200 is an unknown value
RBX=0x0000000000000230 is an unknown value
RCX=0x000002befffffe00 is an unknown value
RDX=0x0000000000000690 is an unknown value
RSP=0x000000da0eefe7e0 is pointing into the stack for thread: 0x000002be0b513850
RBP=0x000000da0eefe8e0 is pointing into the stack for thread: 0x000002be0b513850
RSI=0x000002befffffe0e is an unknown value
RDI=0x000000000000003f is an unknown value
R8 =0x000002be2f108100 points into unknown readable memory: 0x0000000000000000 | 00 00 00 00 00 00 00 00
R9 =
[error occurred during error reporting (printing register info), id 0xc0000005, EXCEPTION_ACCESS_VIOLATION (0xc0000005) at pc=0x00007fff8f5e8322]

Registers:
RAX=0x0000000000028200, RBX=0x0000000000000230, RCX=0x000002befffffe00, RDX=0x0000000000000690
RSP=0x000000da0eefe7e0, RBP=0x000000da0eefe8e0, RSI=0x000002befffffe0e, RDI=0x000000000000003f
R8 =0x000002be2f108100, R9 =0x00000000fffffe08, R10=0x000002be2b2b5c80, R11=0x00000000fffffe0c
R12=0x000002be2f0e0100, R13=0x000000000000003f, R14=0x000002be2b2b5a50, R15=0x000000da0eefea10
RIP=0x00007fff693ce8c9, EFLAGS=0x0000000000010206

Top of Stack: (sp=0x000000da0eefe7e0)
0x000000da0eefe7e0:   000000da0eefe9a8 000000000000000c
0x000000da0eefe7f0:   000000da00000005 0000000000000000
0x000000da0eefe800:   0000000400000000 0000000100000001
0x000000da0eefe810:   0000000000000000 000002be2b2b5a50
0x000000da0eefe820:   000000000000003f 000000da0eefe9a8
0x000000da0eefe830:   0000000000000230 0000000000000000
0x000000da0eefe840:   0000003f00000010 00007fffd953b86b
0x000000da0eefe850:   0000000000000004 0000003000000000
0x000000da0eefe860:   000002be00000110 05100800000506e3
0x000000da0eefe870:   0000000000000009 000000040000003f
0x000000da0eefe880:   0002800000000100 0000023000000230
0x000000da0eefe890:   0000000000005000 0000000000000000
0x000000da0eefe8a0:   000002be2f0e0000 0000000002000002
0x000000da0eefe8b0:   fffffe0f000002c0 000002befffffe0e
0x000000da0eefe8c0:   00000000fffffe0c 0000000000000000
0x000000da0eefe8d0:   00000000fffffe08 00000000000002c0 

Instructions: (pc=0x00007fff693ce8c9)
0x00007fff693ce7c9:   10 45 89 43 20 41 89 4b 30 4c 8b 5d e0 41 2b c3
0x00007fff693ce7d9:   41 23 c3 4c 3b f6 72 9f 48 8b 75 d8 4c 8b 54 24
0x00007fff693ce7e9:   30 eb 04 4c 8b 5d e0 4c 8b 4d f0 41 83 e2 08 4d
0x00007fff693ce7f9:   03 d6 4d 3b f2 73 6d f3 41 0f 7e 1e 8b cf 4c 63
0x00007fff693ce809:   c0 41 2b c1 4d 03 c4 41 23 c1 49 8b d8 49 8b d0
0x00007fff693ce819:   48 d3 eb 41 8b cd 48 d3 ea 48 33 da 83 e3 40 4c
0x00007fff693ce829:   33 c3 49 63 5f 08 f3 42 0f 7e 14 33 8d 0c 1b 48
0x00007fff693ce839:   63 d1 8d 0c 5b f3 42 0f 7e 0c 32 48 63 d1 f3 42
0x00007fff693ce849:   0f 7e 04 32 49 83 c6 08 66 41 0f d6 18 66 41 0f
0x00007fff693ce859:   d6 50 10 66 41 0f d6 48 20 66 41 0f d6 40 30 4d
0x00007fff693ce869:   3b f2 72 93 4c 63 54 24 50 4d 03 d6 4d 3b f2 73
0x00007fff693ce879:   75 66 0f 1f 44 00 00 f3 41 0f 6f 1e 4c 63 c0 8b
0x00007fff693ce889:   cf 4d 03 c4 49 8b d8 49 8b d0 48 d3 eb 41 8b cd
0x00007fff693ce899:   48 d3 ea 48 33 da 83 e3 40 4c 33 c3 49 63 5f 08
0x00007fff693ce8a9:   f3 42 0f 6f 14 33 8d 0c 1b 48 63 d1 8d 0c 5b f3
0x00007fff693ce8b9:   42 0f 6f 0c 32 48 63 d1 48 8b 4d 10 2b c1 23 c1
0x00007fff693ce8c9:   f3 42 0f 6f 04 32 66 41 0f e7 18 66 41 0f e7 50
0x00007fff693ce8d9:   10 49 83 c6 10 66 41 0f e7 48 20 66 41 0f e7 40
0x00007fff693ce8e9:   30 4d 3b f2 72 91 4c 63 54 24 78 49 8b ca 4c 89
0x00007fff693ce8f9:   54 24 30 83 e1 08 49 03 ce 48 89 4c 24 38 4c 3b
0x00007fff693ce909:   f1 73 75 4c 8b d9 90 f3 41 0f 7e 1e 8b cf 4c 63
0x00007fff693ce919:   c0 41 2b c1 4d 03 c4 41 23 c1 49 8b d8 49 8b d0
0x00007fff693ce929:   48 d3 eb 41 8b cd 48 d3 ea 48 33 da 83 e3 40 4c
0x00007fff693ce939:   33 c3 49 63 5f 08 f3 42 0f 7e 14 33 8d 0c 1b 48
0x00007fff693ce949:   63 d1 8d 0c 5b f3 42 0f 7e 0c 32 48 63 d1 f3 42
0x00007fff693ce959:   0f 7e 04 32 49 83 c6 08 66 41 0f d6 18 66 41 0f
0x00007fff693ce969:   d6 50 10 66 41 0f d6 48 20 66 41 0f d6 40 30 4d
0x00007fff693ce979:   3b f3 72 93 4c 8b 5d e0 49 8b ca 83 e1 04 49 03
0x00007fff693ce989:   ce 48 89 4c 24 38 4c 3b f1 73 76 48 8b f1 66 0f
0x00007fff693ce999:   1f 84 00 00 00 00 00 45 8b 16 8b cf 4c 63 d8 4d
0x00007fff693ce9a9:   03 dc 49 8b db 49 8b d3 48 d3 eb 41 8b cd 48 d3
0x00007fff693ce9b9:   ea 48 33 da 83 e3 40 4c 33 db 49 63 5f 08 46 8b 


Stack slot to memory mapping:
stack at sp + 0 slots: 0x000000da0eefe9a8 is pointing into the stack for thread: 0x000002be0b513850
stack at sp + 1 slots: 0x000000000000000c is an unknown value
stack at sp + 2 slots: 0x000000da00000005 is an unknown value
stack at sp + 3 slots: 0x0 is NULL
stack at sp + 4 slots: 0x0000000400000000 is an unknown value
stack at sp + 5 slots: 0x0000000100000001 is an unknown value
stack at sp + 6 slots: 0x0 is NULL
stack at sp + 7 slots: 0x000002be2b2b5a50 points into unknown readable memory: 0x000002be2a96adf0 | f0 ad 96 2a be 02 00 00


---------------  P R O C E S S  ---------------

Threads class SMR info:
_java_thread_list=0x000002be2aedfc50, length=12, elements={
0x000002be0b513850, 0x000002be29f21bd0, 0x000002be29f226a0, 0x000002be29f386b0,
0x000002be29f3af80, 0x000002be29f3b930, 0x000002be29f47af0, 0x000002be29f4ba90,
0x000002be29f4d490, 0x000002be29f02d80, 0x000002be2a9fa700, 0x000002be2b173740
}

Java Threads: ( => current thread )
=>0x000002be0b513850 JavaThread "main" [_thread_in_native, id=20808, stack(0x000000da0ee00000,0x000000da0ef00000)]
  0x000002be29f21bd0 JavaThread "Reference Handler" daemon [_thread_blocked, id=1016, stack(0x000000da0f500000,0x000000da0f600000)]
  0x000002be29f226a0 JavaThread "Finalizer" daemon [_thread_blocked, id=4564, stack(0x000000da0f600000,0x000000da0f700000)]
  0x000002be29f386b0 JavaThread "Signal Dispatcher" daemon [_thread_blocked, id=17272, stack(0x000000da0f700000,0x000000da0f800000)]
  0x000002be29f3af80 JavaThread "Attach Listener" daemon [_thread_blocked, id=22252, stack(0x000000da0f800000,0x000000da0f900000)]
  0x000002be29f3b930 JavaThread "Service Thread" daemon [_thread_blocked, id=3228, stack(0x000000da0f900000,0x000000da0fa00000)]
  0x000002be29f47af0 JavaThread "C2 CompilerThread0" daemon [_thread_blocked, id=21844, stack(0x000000da0fa00000,0x000000da0fb00000)]
  0x000002be29f4ba90 JavaThread "C1 CompilerThread0" daemon [_thread_blocked, id=16720, stack(0x000000da0fb00000,0x000000da0fc00000)]
  0x000002be29f4d490 JavaThread "Sweeper thread" daemon [_thread_blocked, id=18636, stack(0x000000da0fc00000,0x000000da0fd00000)]
  0x000002be29f02d80 JavaThread "Common-Cleaner" daemon [_thread_blocked, id=17424, stack(0x000000da0fd00000,0x000000da0fe00000)]
  0x000002be2a9fa700 JavaThread "Notification Thread" daemon [_thread_blocked, id=4020, stack(0x000000da0ff00000,0x000000da10000000)]
  0x000002be2b173740 JavaThread "C2 CompilerThread1" daemon [_thread_blocked, id=18964, stack(0x000000da10500000,0x000000da10600000)]

Other Threads:
  0x000002be29f1c430 VMThread "VM Thread" [stack: 0x000000da0f400000,0x000000da0f500000] [id=20408]
  0x000002be0b514880 WatcherThread [stack: 0x000000da10000000,0x000000da10100000] [id=21908]
  0x000002be0b5525f0 GCTaskThread "GC Thread#0" [stack: 0x000000da0ef00000,0x000000da0f000000] [id=9264]
  0x000002be0b564290 ConcurrentGCThread "G1 Main Marker" [stack: 0x000000da0f000000,0x000000da0f100000] [id=7044]
  0x000002be0b564e00 ConcurrentGCThread "G1 Conc#0" [stack: 0x000000da0f100000,0x000000da0f200000] [id=10612]
  0x000002be0b5e2760 ConcurrentGCThread "G1 Refine#0" [stack: 0x000000da0f200000,0x000000da0f300000] [id=21204]
  0x000002be29da0350 ConcurrentGCThread "G1 Young RemSet Sampling" [stack: 0x000000da0f300000,0x000000da0f400000] [id=20976]

Threads with active compile tasks:

VM state: not at safepoint (normal execution)

VM Mutex/Monitor currently owned by a thread: None

Heap address: 0x0000000082a00000, size: 2006 MB, Compressed Oops mode: 32-bit
CDS archive(s) mapped at: [0x0000000800000000-0x0000000800b50000-0x0000000800b50000), size 11862016, SharedBaseAddress: 0x0000000800000000, ArchiveRelocationMode: 0.
Compressed class space mapped at: 0x0000000800b50000-0x0000000840b50000, size: 1073741824
Narrow klass base: 0x0000000800000000, Narrow klass shift: 3, Narrow klass range: 0x100000000

GC Precious Log:
 CPUs: 8 total, 8 available
 Memory: 8019M
 Large Page Support: Disabled
 NUMA Support: Disabled
 Compressed Oops: Enabled (32-bit)
 Heap Region Size: 1M
 Heap Min Capacity: 8M
 Heap Initial Capacity: 126M
 Heap Max Capacity: 2006M
 Pre-touch: Disabled
 Parallel Workers: 8
 Concurrent Workers: 2
 Concurrent Refinement Workers: 8
 Periodic GC: Disabled

Heap:
 garbage-first heap   total 129024K, used 15360K [0x0000000082a00000, 0x0000000100000000)
  region size 1024K, 17 young (17408K), 0 survivors (0K)
 Metaspace       used 7533K, capacity 9500K, committed 9728K, reserved 1058816K
  class space    used 443K, capacity 672K, committed 768K, reserved 1048576K

Heap Regions: E=young(eden), S=young(survivor), O=old, HS=humongous(starts), HC=humongous(continues), CS=collection set, F=free, OA=open archive, CA=closed archive, TAMS=top-at-mark-start (previous, next)
|   0|0x0000000082a00000, 0x0000000082a00000, 0x0000000082b00000|  0%| F|  |TAMS 0x0000000082a00000, 0x0000000082a00000| Untracked 
|   1|0x0000000082b00000, 0x0000000082b00000, 0x0000000082c00000|  0%| F|  |TAMS 0x0000000082b00000, 0x0000000082b00000| Untracked 
|   2|0x0000000082c00000, 0x0000000082c00000, 0x0000000082d00000|  0%| F|  |TAMS 0x0000000082c00000, 0x0000000082c00000| Untracked 
|   3|0x0000000082d00000, 0x0000000082d00000, 0x0000000082e00000|  0%| F|  |TAMS 0x0000000082d00000, 0x0000000082d00000| Untracked 
|   4|0x0000000082e00000, 0x0000000082e00000, 0x0000000082f00000|  0%| F|  |TAMS 0x0000000082e00000, 0x0000000082e00000| Untracked 
|   5|0x0000000082f00000, 0x0000000082f00000, 0x0000000083000000|  0%| F|  |TAMS 0x0000000082f00000, 0x0000000082f00000| Untracked 
|   6|0x0000000083000000, 0x0000000083000000, 0x0000000083100000|  0%| F|  |TAMS 0x0000000083000000, 0x0000000083000000| Untracked 
|   7|0x0000000083100000, 0x0000000083100000, 0x0000000083200000|  0%| F|  |TAMS 0x0000000083100000, 0x0000000083100000| Untracked 
|   8|0x0000000083200000, 0x0000000083200000, 0x0000000083300000|  0%| F|  |TAMS 0x0000000083200000, 0x0000000083200000| Untracked 
|   9|0x0000000083300000, 0x0000000083300000, 0x0000000083400000|  0%| F|  |TAMS 0x0000000083300000, 0x0000000083300000| Untracked 
|  10|0x0000000083400000, 0x0000000083400000, 0x0000000083500000|  0%| F|  |TAMS 0x0000000083400000, 0x0000000083400000| Untracked 
|  11|0x0000000083500000, 0x0000000083500000, 0x0000000083600000|  0%| F|  |TAMS 0x0000000083500000, 0x0000000083500000| Untracked 
|  12|0x0000000083600000, 0x0000000083600000, 0x0000000083700000|  0%| F|  |TAMS 0x0000000083600000, 0x0000000083600000| Untracked 
|  13|0x0000000083700000, 0x0000000083700000, 0x0000000083800000|  0%| F|  |TAMS 0x0000000083700000, 0x0000000083700000| Untracked 
|  14|0x0000000083800000, 0x0000000083800000, 0x0000000083900000|  0%| F|  |TAMS 0x0000000083800000, 0x0000000083800000| Untracked 
|  15|0x0000000083900000, 0x0000000083900000, 0x0000000083a00000|  0%| F|  |TAMS 0x0000000083900000, 0x0000000083900000| Untracked 
|  16|0x0000000083a00000, 0x0000000083a00000, 0x0000000083b00000|  0%| F|  |TAMS 0x0000000083a00000, 0x0000000083a00000| Untracked 
|  17|0x0000000083b00000, 0x0000000083b00000, 0x0000000083c00000|  0%| F|  |TAMS 0x0000000083b00000, 0x0000000083b00000| Untracked 
|  18|0x0000000083c00000, 0x0000000083c00000, 0x0000000083d00000|  0%| F|  |TAMS 0x0000000083c00000, 0x0000000083c00000| Untracked 
|  19|0x0000000083d00000, 0x0000000083d00000, 0x0000000083e00000|  0%| F|  |TAMS 0x0000000083d00000, 0x0000000083d00000| Untracked 
|  20|0x0000000083e00000, 0x0000000083e00000, 0x0000000083f00000|  0%| F|  |TAMS 0x0000000083e00000, 0x0000000083e00000| Untracked 
|  21|0x0000000083f00000, 0x0000000083f00000, 0x0000000084000000|  0%| F|  |TAMS 0x0000000083f00000, 0x0000000083f00000| Untracked 
|  22|0x0000000084000000, 0x0000000084000000, 0x0000000084100000|  0%| F|  |TAMS 0x0000000084000000, 0x0000000084000000| Untracked 
|  23|0x0000000084100000, 0x0000000084100000, 0x0000000084200000|  0%| F|  |TAMS 0x0000000084100000, 0x0000000084100000| Untracked 
|  24|0x0000000084200000, 0x0000000084200000, 0x0000000084300000|  0%| F|  |TAMS 0x0000000084200000, 0x0000000084200000| Untracked 
|  25|0x0000000084300000, 0x0000000084300000, 0x0000000084400000|  0%| F|  |TAMS 0x0000000084300000, 0x0000000084300000| Untracked 
|  26|0x0000000084400000, 0x0000000084400000, 0x0000000084500000|  0%| F|  |TAMS 0x0000000084400000, 0x0000000084400000| Untracked 
|  27|0x0000000084500000, 0x0000000084500000, 0x0000000084600000|  0%| F|  |TAMS 0x0000000084500000, 0x0000000084500000| Untracked 
|  28|0x0000000084600000, 0x0000000084600000, 0x0000000084700000|  0%| F|  |TAMS 0x0000000084600000, 0x0000000084600000| Untracked 
|  29|0x0000000084700000, 0x0000000084700000, 0x0000000084800000|  0%| F|  |TAMS 0x0000000084700000, 0x0000000084700000| Untracked 
|  30|0x0000000084800000, 0x0000000084800000, 0x0000000084900000|  0%| F|  |TAMS 0x0000000084800000, 0x0000000084800000| Untracked 
|  31|0x0000000084900000, 0x0000000084900000, 0x0000000084a00000|  0%| F|  |TAMS 0x0000000084900000, 0x0000000084900000| Untracked 
|  32|0x0000000084a00000, 0x0000000084a00000, 0x0000000084b00000|  0%| F|  |TAMS 0x0000000084a00000, 0x0000000084a00000| Untracked 
|  33|0x0000000084b00000, 0x0000000084b00000, 0x0000000084c00000|  0%| F|  |TAMS 0x0000000084b00000, 0x0000000084b00000| Untracked 
|  34|0x0000000084c00000, 0x0000000084c00000, 0x0000000084d00000|  0%| F|  |TAMS 0x0000000084c00000, 0x0000000084c00000| Untracked 
|  35|0x0000000084d00000, 0x0000000084d00000, 0x0000000084e00000|  0%| F|  |TAMS 0x0000000084d00000, 0x0000000084d00000| Untracked 
|  36|0x0000000084e00000, 0x0000000084e00000, 0x0000000084f00000|  0%| F|  |TAMS 0x0000000084e00000, 0x0000000084e00000| Untracked 
|  37|0x0000000084f00000, 0x0000000084f00000, 0x0000000085000000|  0%| F|  |TAMS 0x0000000084f00000, 0x0000000084f00000| Untracked 
|  38|0x0000000085000000, 0x0000000085000000, 0x0000000085100000|  0%| F|  |TAMS 0x0000000085000000, 0x0000000085000000| Untracked 
|  39|0x0000000085100000, 0x0000000085100000, 0x0000000085200000|  0%| F|  |TAMS 0x0000000085100000, 0x0000000085100000| Untracked 
|  40|0x0000000085200000, 0x0000000085200000, 0x0000000085300000|  0%| F|  |TAMS 0x0000000085200000, 0x0000000085200000| Untracked 
|  41|0x0000000085300000, 0x0000000085300000, 0x0000000085400000|  0%| F|  |TAMS 0x0000000085300000, 0x0000000085300000| Untracked 
|  42|0x0000000085400000, 0x0000000085400000, 0x0000000085500000|  0%| F|  |TAMS 0x0000000085400000, 0x0000000085400000| Untracked 
|  43|0x0000000085500000, 0x0000000085500000, 0x0000000085600000|  0%| F|  |TAMS 0x0000000085500000, 0x0000000085500000| Untracked 
|  44|0x0000000085600000, 0x0000000085600000, 0x0000000085700000|  0%| F|  |TAMS 0x0000000085600000, 0x0000000085600000| Untracked 
|  45|0x0000000085700000, 0x0000000085700000, 0x0000000085800000|  0%| F|  |TAMS 0x0000000085700000, 0x0000000085700000| Untracked 
|  46|0x0000000085800000, 0x0000000085800000, 0x0000000085900000|  0%| F|  |TAMS 0x0000000085800000, 0x0000000085800000| Untracked 
|  47|0x0000000085900000, 0x0000000085900000, 0x0000000085a00000|  0%| F|  |TAMS 0x0000000085900000, 0x0000000085900000| Untracked 
|  48|0x0000000085a00000, 0x0000000085a00000, 0x0000000085b00000|  0%| F|  |TAMS 0x0000000085a00000, 0x0000000085a00000| Untracked 
|  49|0x0000000085b00000, 0x0000000085b00000, 0x0000000085c00000|  0%| F|  |TAMS 0x0000000085b00000, 0x0000000085b00000| Untracked 
|  50|0x0000000085c00000, 0x0000000085c00000, 0x0000000085d00000|  0%| F|  |TAMS 0x0000000085c00000, 0x0000000085c00000| Untracked 
|  51|0x0000000085d00000, 0x0000000085d00000, 0x0000000085e00000|  0%| F|  |TAMS 0x0000000085d00000, 0x0000000085d00000| Untracked 
|  52|0x0000000085e00000, 0x0000000085e00000, 0x0000000085f00000|  0%| F|  |TAMS 0x0000000085e00000, 0x0000000085e00000| Untracked 
|  53|0x0000000085f00000, 0x0000000085f00000, 0x0000000086000000|  0%| F|  |TAMS 0x0000000085f00000, 0x0000000085f00000| Untracked 
|  54|0x0000000086000000, 0x0000000086000000, 0x0000000086100000|  0%| F|  |TAMS 0x0000000086000000, 0x0000000086000000| Untracked 
|  55|0x0000000086100000, 0x0000000086100000, 0x0000000086200000|  0%| F|  |TAMS 0x0000000086100000, 0x0000000086100000| Untracked 
|  56|0x0000000086200000, 0x0000000086200000, 0x0000000086300000|  0%| F|  |TAMS 0x0000000086200000, 0x0000000086200000| Untracked 
|  57|0x0000000086300000, 0x0000000086300000, 0x0000000086400000|  0%| F|  |TAMS 0x0000000086300000, 0x0000000086300000| Untracked 
|  58|0x0000000086400000, 0x0000000086400000, 0x0000000086500000|  0%| F|  |TAMS 0x0000000086400000, 0x0000000086400000| Untracked 
|  59|0x0000000086500000, 0x0000000086500000, 0x0000000086600000|  0%| F|  |TAMS 0x0000000086500000, 0x0000000086500000| Untracked 
|  60|0x0000000086600000, 0x0000000086600000, 0x0000000086700000|  0%| F|  |TAMS 0x0000000086600000, 0x0000000086600000| Untracked 
|  61|0x0000000086700000, 0x0000000086700000, 0x0000000086800000|  0%| F|  |TAMS 0x0000000086700000, 0x0000000086700000| Untracked 
|  62|0x0000000086800000, 0x0000000086800000, 0x0000000086900000|  0%| F|  |TAMS 0x0000000086800000, 0x0000000086800000| Untracked 
|  63|0x0000000086900000, 0x0000000086900000, 0x0000000086a00000|  0%| F|  |TAMS 0x0000000086900000, 0x0000000086900000| Untracked 
|  64|0x0000000086a00000, 0x0000000086a00000, 0x0000000086b00000|  0%| F|  |TAMS 0x0000000086a00000, 0x0000000086a00000| Untracked 
|  65|0x0000000086b00000, 0x0000000086b00000, 0x0000000086c00000|  0%| F|  |TAMS 0x0000000086b00000, 0x0000000086b00000| Untracked 
|  66|0x0000000086c00000, 0x0000000086c00000, 0x0000000086d00000|  0%| F|  |TAMS 0x0000000086c00000, 0x0000000086c00000| Untracked 
|  67|0x0000000086d00000, 0x0000000086d00000, 0x0000000086e00000|  0%| F|  |TAMS 0x0000000086d00000, 0x0000000086d00000| Untracked 
|  68|0x0000000086e00000, 0x0000000086e00000, 0x0000000086f00000|  0%| F|  |TAMS 0x0000000086e00000, 0x0000000086e00000| Untracked 
|  69|0x0000000086f00000, 0x0000000086f00000, 0x0000000087000000|  0%| F|  |TAMS 0x0000000086f00000, 0x0000000086f00000| Untracked 
|  70|0x0000000087000000, 0x0000000087000000, 0x0000000087100000|  0%| F|  |TAMS 0x0000000087000000, 0x0000000087000000| Untracked 
|  71|0x0000000087100000, 0x0000000087100000, 0x0000000087200000|  0%| F|  |TAMS 0x0000000087100000, 0x0000000087100000| Untracked 
|  72|0x0000000087200000, 0x0000000087200000, 0x0000000087300000|  0%| F|  |TAMS 0x0000000087200000, 0x0000000087200000| Untracked 
|  73|0x0000000087300000, 0x0000000087300000, 0x0000000087400000|  0%| F|  |TAMS 0x0000000087300000, 0x0000000087300000| Untracked 
|  74|0x0000000087400000, 0x0000000087400000, 0x0000000087500000|  0%| F|  |TAMS 0x0000000087400000, 0x0000000087400000| Untracked 
|  75|0x0000000087500000, 0x0000000087500000, 0x0000000087600000|  0%| F|  |TAMS 0x0000000087500000, 0x0000000087500000| Untracked 
|  76|0x0000000087600000, 0x0000000087600000, 0x0000000087700000|  0%| F|  |TAMS 0x0000000087600000, 0x0000000087600000| Untracked 
|  77|0x0000000087700000, 0x0000000087700000, 0x0000000087800000|  0%| F|  |TAMS 0x0000000087700000, 0x0000000087700000| Untracked 
|  78|0x0000000087800000, 0x0000000087800000, 0x0000000087900000|  0%| F|  |TAMS 0x0000000087800000, 0x0000000087800000| Untracked 
|  79|0x0000000087900000, 0x0000000087900000, 0x0000000087a00000|  0%| F|  |TAMS 0x0000000087900000, 0x0000000087900000| Untracked 
|  80|0x0000000087a00000, 0x0000000087a00000, 0x0000000087b00000|  0%| F|  |TAMS 0x0000000087a00000, 0x0000000087a00000| Untracked 
|  81|0x0000000087b00000, 0x0000000087b00000, 0x0000000087c00000|  0%| F|  |TAMS 0x0000000087b00000, 0x0000000087b00000| Untracked 
|  82|0x0000000087c00000, 0x0000000087c00000, 0x0000000087d00000|  0%| F|  |TAMS 0x0000000087c00000, 0x0000000087c00000| Untracked 
|  83|0x0000000087d00000, 0x0000000087d00000, 0x0000000087e00000|  0%| F|  |TAMS 0x0000000087d00000, 0x0000000087d00000| Untracked 
|  84|0x0000000087e00000, 0x0000000087e00000, 0x0000000087f00000|  0%| F|  |TAMS 0x0000000087e00000, 0x0000000087e00000| Untracked 
|  85|0x0000000087f00000, 0x0000000087f00000, 0x0000000088000000|  0%| F|  |TAMS 0x0000000087f00000, 0x0000000087f00000| Untracked 
|  86|0x0000000088000000, 0x0000000088000000, 0x0000000088100000|  0%| F|  |TAMS 0x0000000088000000, 0x0000000088000000| Untracked 
|  87|0x0000000088100000, 0x0000000088100000, 0x0000000088200000|  0%| F|  |TAMS 0x0000000088100000, 0x0000000088100000| Untracked 
|  88|0x0000000088200000, 0x0000000088200000, 0x0000000088300000|  0%| F|  |TAMS 0x0000000088200000, 0x0000000088200000| Untracked 
|  89|0x0000000088300000, 0x0000000088300000, 0x0000000088400000|  0%| F|  |TAMS 0x0000000088300000, 0x0000000088300000| Untracked 
|  90|0x0000000088400000, 0x0000000088400000, 0x0000000088500000|  0%| F|  |TAMS 0x0000000088400000, 0x0000000088400000| Untracked 
|  91|0x0000000088500000, 0x0000000088500000, 0x0000000088600000|  0%| F|  |TAMS 0x0000000088500000, 0x0000000088500000| Untracked 
|  92|0x0000000088600000, 0x0000000088600000, 0x0000000088700000|  0%| F|  |TAMS 0x0000000088600000, 0x0000000088600000| Untracked 
|  93|0x0000000088700000, 0x0000000088700000, 0x0000000088800000|  0%| F|  |TAMS 0x0000000088700000, 0x0000000088700000| Untracked 
|  94|0x0000000088800000, 0x0000000088800000, 0x0000000088900000|  0%| F|  |TAMS 0x0000000088800000, 0x0000000088800000| Untracked 
|  95|0x0000000088900000, 0x0000000088900000, 0x0000000088a00000|  0%| F|  |TAMS 0x0000000088900000, 0x0000000088900000| Untracked 
|  96|0x0000000088a00000, 0x0000000088a00000, 0x0000000088b00000|  0%| F|  |TAMS 0x0000000088a00000, 0x0000000088a00000| Untracked 
|  97|0x0000000088b00000, 0x0000000088b00000, 0x0000000088c00000|  0%| F|  |TAMS 0x0000000088b00000, 0x0000000088b00000| Untracked 
|  98|0x0000000088c00000, 0x0000000088c00000, 0x0000000088d00000|  0%| F|  |TAMS 0x0000000088c00000, 0x0000000088c00000| Untracked 
|  99|0x0000000088d00000, 0x0000000088d00000, 0x0000000088e00000|  0%| F|  |TAMS 0x0000000088d00000, 0x0000000088d00000| Untracked 
| 100|0x0000000088e00000, 0x0000000088e00000, 0x0000000088f00000|  0%| F|  |TAMS 0x0000000088e00000, 0x0000000088e00000| Untracked 
| 101|0x0000000088f00000, 0x0000000088f00000, 0x0000000089000000|  0%| F|  |TAMS 0x0000000088f00000, 0x0000000088f00000| Untracked 
| 102|0x0000000089000000, 0x0000000089000000, 0x0000000089100000|  0%| F|  |TAMS 0x0000000089000000, 0x0000000089000000| Untracked 
| 103|0x0000000089100000, 0x0000000089100000, 0x0000000089200000|  0%| F|  |TAMS 0x0000000089100000, 0x0000000089100000| Untracked 
| 104|0x0000000089200000, 0x0000000089200000, 0x0000000089300000|  0%| F|  |TAMS 0x0000000089200000, 0x0000000089200000| Untracked 
| 105|0x0000000089300000, 0x0000000089300000, 0x0000000089400000|  0%| F|  |TAMS 0x0000000089300000, 0x0000000089300000| Untracked 
| 106|0x0000000089400000, 0x0000000089400000, 0x0000000089500000|  0%| F|  |TAMS 0x0000000089400000, 0x0000000089400000| Untracked 
| 107|0x0000000089500000, 0x0000000089500000, 0x0000000089600000|  0%| F|  |TAMS 0x0000000089500000, 0x0000000089500000| Untracked 
| 108|0x0000000089600000, 0x0000000089600000, 0x0000000089700000|  0%| F|  |TAMS 0x0000000089600000, 0x0000000089600000| Untracked 
| 109|0x0000000089700000, 0x000000008978f620, 0x0000000089800000| 56%| E|  |TAMS 0x0000000089700000, 0x0000000089700000| Complete 
| 110|0x0000000089800000, 0x0000000089900000, 0x0000000089900000|100%| E|CS|TAMS 0x0000000089800000, 0x0000000089800000| Complete 
| 111|0x0000000089900000, 0x0000000089a00000, 0x0000000089a00000|100%| E|CS|TAMS 0x0000000089900000, 0x0000000089900000| Complete 
| 112|0x0000000089a00000, 0x0000000089b00000, 0x0000000089b00000|100%| E|CS|TAMS 0x0000000089a00000, 0x0000000089a00000| Complete 
| 113|0x0000000089b00000, 0x0000000089c00000, 0x0000000089c00000|100%| E|CS|TAMS 0x0000000089b00000, 0x0000000089b00000| Complete 
| 114|0x0000000089c00000, 0x0000000089d00000, 0x0000000089d00000|100%| E|  |TAMS 0x0000000089c00000, 0x0000000089c00000| Complete 
| 115|0x0000000089d00000, 0x0000000089e00000, 0x0000000089e00000|100%| E|CS|TAMS 0x0000000089d00000, 0x0000000089d00000| Complete 
| 116|0x0000000089e00000, 0x0000000089f00000, 0x0000000089f00000|100%| E|CS|TAMS 0x0000000089e00000, 0x0000000089e00000| Complete 
| 117|0x0000000089f00000, 0x000000008a000000, 0x000000008a000000|100%| E|CS|TAMS 0x0000000089f00000, 0x0000000089f00000| Complete 
| 118|0x000000008a000000, 0x000000008a100000, 0x000000008a100000|100%| E|CS|TAMS 0x000000008a000000, 0x000000008a000000| Complete 
| 119|0x000000008a100000, 0x000000008a200000, 0x000000008a200000|100%| E|CS|TAMS 0x000000008a100000, 0x000000008a100000| Complete 
| 120|0x000000008a200000, 0x000000008a300000, 0x000000008a300000|100%| E|CS|TAMS 0x000000008a200000, 0x000000008a200000| Complete 
| 121|0x000000008a300000, 0x000000008a400000, 0x000000008a400000|100%| E|CS|TAMS 0x000000008a300000, 0x000000008a300000| Complete 
| 122|0x000000008a400000, 0x000000008a500000, 0x000000008a500000|100%| E|CS|TAMS 0x000000008a400000, 0x000000008a400000| Complete 
| 123|0x000000008a500000, 0x000000008a600000, 0x000000008a600000|100%| E|CS|TAMS 0x000000008a500000, 0x000000008a500000| Complete 
| 124|0x000000008a600000, 0x000000008a700000, 0x000000008a700000|100%| E|CS|TAMS 0x000000008a600000, 0x000000008a600000| Complete 
| 125|0x000000008a700000, 0x000000008a800000, 0x000000008a800000|100%| E|CS|TAMS 0x000000008a700000, 0x000000008a700000| Complete 

Card table byte_map: [0x000002be22e70000,0x000002be23260000] _byte_map_base: 0x000002be22a5b000

Marking Bits (Prev, Next): (CMBitMap*) 0x000002be0b553d70, (CMBitMap*) 0x000002be0b553db0
 Prev Bits: [0x000002be23650000, 0x000002be255a8000)
 Next Bits: [0x000002be255b0000, 0x000002be27508000)

Polling page: 0x000002be0acf0000

Metaspace:

Usage:
  Non-class:      8.62 MB capacity,     6.92 MB ( 80%) used,     1.68 MB ( 19%) free+waste,    16.62 KB ( <1%) overhead. 
      Class:    672.00 KB capacity,   443.99 KB ( 66%) used,   221.82 KB ( 33%) free+waste,     6.19 KB ( <1%) overhead. 
       Both:      9.28 MB capacity,     7.36 MB ( 79%) used,     1.90 MB ( 20%) free+waste,    22.81 KB ( <1%) overhead. 

Virtual space:
  Non-class space:       10.00 MB reserved,       8.75 MB ( 88%) committed 
      Class space:        1.00 GB reserved,     768.00 KB ( <1%) committed 
             Both:        1.01 GB reserved,       9.50 MB ( <1%) committed 

Chunk freelists:
   Non-Class:  4.00 KB
       Class:  0 bytes
        Both:  4.00 KB

MaxMetaspaceSize: 17179869184.00 GB
CompressedClassSpaceSize: 1.00 GB

CodeHeap 'non-profiled nmethods': size=120000Kb used=320Kb max_used=320Kb free=119679Kb
 bounds [0x000002be1b220000, 0x000002be1b490000, 0x000002be22750000]
CodeHeap 'profiled nmethods': size=120000Kb used=1542Kb max_used=1542Kb free=118457Kb
 bounds [0x000002be13cf0000, 0x000002be13f60000, 0x000002be1b220000]
CodeHeap 'non-nmethods': size=5760Kb used=1642Kb max_used=1659Kb free=4117Kb
 bounds [0x000002be13750000, 0x000002be139c0000, 0x000002be13cf0000]
 total_blobs=2042 nmethods=996 adapters=959
 compilation: enabled
              stopped_count=0, restarted_count=0
 full_count=0

Compilation events (20 events):
Event: 1.153 Thread 0x000002be29f4ba90 nmethod 986 0x000002be13e6cb90 code [0x000002be13e6cd60, 0x000002be13e6d108]
Event: 1.153 Thread 0x000002be29f4ba90  985       3       java.lang.Package::isSealed (26 bytes)
Event: 1.154 Thread 0x000002be29f4ba90 nmethod 985 0x000002be13e6d290 code [0x000002be13e6d440, 0x000002be13e6d738]
Event: 1.154 Thread 0x000002be29f4ba90  988   !   3       java.util.zip.ZipFile$Source::readAt (39 bytes)
Event: 1.154 Thread 0x000002be29f4ba90 nmethod 988 0x000002be13e6d810 code [0x000002be13e6da00, 0x000002be13e6de68]
Event: 1.155 Thread 0x000002be29f47af0 nmethod 971 0x000002be1b26e510 code [0x000002be1b26e700, 0x000002be1b26f290]
Event: 1.166 Thread 0x000002be29f4ba90  990       3       sun.net.util.IPAddressUtil::checkHostString (53 bytes)
Event: 1.167 Thread 0x000002be29f4ba90 nmethod 990 0x000002be13e6e190 code [0x000002be13e6e440, 0x000002be13e6ef68]
Event: 1.167 Thread 0x000002be29f4ba90  989       3       sun.net.www.protocol.jar.Handler::checkNestedProtocol (18 bytes)
Event: 1.167 Thread 0x000002be29f4ba90 nmethod 989 0x000002be13e6f390 code [0x000002be13e6f540, 0x000002be13e6f708]
Event: 1.167 Thread 0x000002be29f4ba90  991  s    3       java.util.jar.JarFile::getInputStream (72 bytes)
Event: 1.167 Thread 0x000002be29f4ba90 nmethod 991 0x000002be13e6f810 code [0x000002be13e6fa20, 0x000002be13e6ff38]
Event: 1.168 Thread 0x000002be29f4ba90  993       3       sun.misc.Unsafe::getFloat (9 bytes)
Event: 1.168 Thread 0x000002be29f4ba90 nmethod 993 0x000002be13e70110 code [0x000002be13e702a0, 0x000002be13e70398]
Event: 1.168 Thread 0x000002be29f4ba90  995       3       sun.misc.Unsafe::putObject (11 bytes)
Event: 1.169 Thread 0x000002be29f4ba90 nmethod 995 0x000002be13e70410 code [0x000002be13e705a0, 0x000002be13e706f8]
Event: 1.169 Thread 0x000002be29f4ba90  996   !   3       org.lwjgl.system.Struct::wrap (69 bytes)
Event: 1.169 Thread 0x000002be29f4ba90 nmethod 996 0x000002be13e70790 code [0x000002be13e709a0, 0x000002be13e711c8]
Event: 1.169 Thread 0x000002be29f4ba90  997       3       java.lang.Character::valueOf (21 bytes)
Event: 1.169 Thread 0x000002be29f4ba90 nmethod 997 0x000002be13e71490 code [0x000002be13e71640, 0x000002be13e718b8]

GC Heap History (0 events):
No events

Deoptimization events (20 events):
Event: 1.100 Thread 0x000002be0b513850 Uncommon trap: trap_request=0xffffffc6 fr.pc=0x000002be1b257de0 relative=0x00000000000013c0
Event: 1.100 Thread 0x000002be0b513850 Uncommon trap: reason=bimorphic_or_optimized_type_check action=maybe_recompile pc=0x000002be1b257de0 method=java.util.HashMap.putVal(ILjava/lang/Object;Ljava/lang/Object;ZZ)Ljava/lang/Object; @ 56 c2
Event: 1.100 Thread 0x000002be0b513850 DEOPT PACKING pc=0x000002be1b257de0 sp=0x000000da0eefef00
Event: 1.100 Thread 0x000002be0b513850 DEOPT UNPACKING pc=0x000002be1379e42f sp=0x000000da0eefee88 mode 2
Event: 1.100 Thread 0x000002be0b513850 Uncommon trap: trap_request=0xffffffc6 fr.pc=0x000002be1b257ea0 relative=0x0000000000001480
Event: 1.100 Thread 0x000002be0b513850 Uncommon trap: reason=bimorphic_or_optimized_type_check action=maybe_recompile pc=0x000002be1b257ea0 method=java.util.HashMap.putVal(ILjava/lang/Object;Ljava/lang/Object;ZZ)Ljava/lang/Object; @ 152 c2
Event: 1.100 Thread 0x000002be0b513850 DEOPT PACKING pc=0x000002be1b257ea0 sp=0x000000da0eefef00
Event: 1.100 Thread 0x000002be0b513850 DEOPT UNPACKING pc=0x000002be1379e42f sp=0x000000da0eefee90 mode 2
Event: 1.100 Thread 0x000002be0b513850 Uncommon trap: trap_request=0xffffffc6 fr.pc=0x000002be1b257de0 relative=0x00000000000013c0
Event: 1.100 Thread 0x000002be0b513850 Uncommon trap: reason=bimorphic_or_optimized_type_check action=maybe_recompile pc=0x000002be1b257de0 method=java.util.HashMap.putVal(ILjava/lang/Object;Ljava/lang/Object;ZZ)Ljava/lang/Object; @ 56 c2
Event: 1.100 Thread 0x000002be0b513850 DEOPT PACKING pc=0x000002be1b257de0 sp=0x000000da0eefef00
Event: 1.100 Thread 0x000002be0b513850 DEOPT UNPACKING pc=0x000002be1379e42f sp=0x000000da0eefee88 mode 2
Event: 1.100 Thread 0x000002be0b513850 Uncommon trap: trap_request=0xffffffc6 fr.pc=0x000002be1b257de0 relative=0x00000000000013c0
Event: 1.100 Thread 0x000002be0b513850 Uncommon trap: reason=bimorphic_or_optimized_type_check action=maybe_recompile pc=0x000002be1b257de0 method=java.util.HashMap.putVal(ILjava/lang/Object;Ljava/lang/Object;ZZ)Ljava/lang/Object; @ 56 c2
Event: 1.101 Thread 0x000002be0b513850 DEOPT PACKING pc=0x000002be1b257de0 sp=0x000000da0eefef00
Event: 1.101 Thread 0x000002be0b513850 DEOPT UNPACKING pc=0x000002be1379e42f sp=0x000000da0eefee88 mode 2
Event: 1.159 Thread 0x000002be0b513850 Uncommon trap: trap_request=0xffffff5c fr.pc=0x000002be1b25abd8 relative=0x0000000000000058
Event: 1.159 Thread 0x000002be0b513850 Uncommon trap: reason=speculate_null_check action=make_not_entrant pc=0x000002be1b25abd8 method=sun.misc.Unsafe.putInt(Ljava/lang/Object;JI)V @ 7 c2
Event: 1.159 Thread 0x000002be0b513850 DEOPT PACKING pc=0x000002be1b25abd8 sp=0x000000da0eeff330
Event: 1.159 Thread 0x000002be0b513850 DEOPT UNPACKING pc=0x000002be1379e42f sp=0x000000da0eeff2b0 mode 2

Classes unloaded (0 events):
No events

Classes redefined (0 events):
No events

Internal exceptions (20 events):
Event: 0.158 Thread 0x000002be0b513850 Exception <a 'java/lang/NoSuchMethodError'{0x000000008a4313f8}: 'java.lang.Object java.lang.invoke.DirectMethodHandle$Holder.invokeStatic(java.lang.Object, java.lang.Object, int)'> (0x000000008a4313f8) 
thrown [./open/src/hotspot/share/interpreter/linkResolver.cpp, line 782]
Event: 0.160 Thread 0x000002be0b513850 Exception <a 'java/lang/NoSuchMethodError'{0x000000008a43d540}: 'void java.lang.invoke.DelegatingMethodHandle$Holder.delegate(java.lang.Object, java.lang.Object, int, java.lang.Object)'> (0x000000008a43d540) 
thrown [./open/src/hotspot/share/interpreter/linkResolver.cpp, line 782]
Event: 0.160 Thread 0x000002be0b513850 Exception <a 'java/lang/NoSuchMethodError'{0x000000008a441690}: 'int java.lang.invoke.DirectMethodHandle$Holder.invokeSpecial(java.lang.Object, java.lang.Object, java.lang.Object)'> (0x000000008a441690) 
thrown [./open/src/hotspot/share/interpreter/linkResolver.cpp, line 782]
Event: 0.196 Thread 0x000002be0b513850 Exception <a 'sun/nio/fs/WindowsException'{0x000000008a4bddd8}> (0x000000008a4bddd8) 
thrown [./open/src/hotspot/share/prims/jni.cpp, line 578]
Event: 0.196 Thread 0x000002be0b513850 Exception <a 'sun/nio/fs/WindowsException'{0x000000008a4be130}> (0x000000008a4be130) 
thrown [./open/src/hotspot/share/prims/jni.cpp, line 578]
Event: 0.205 Thread 0x000002be0b513850 Exception <a 'sun/nio/fs/WindowsException'{0x000000008a4d9298}> (0x000000008a4d9298) 
thrown [./open/src/hotspot/share/prims/jni.cpp, line 578]
Event: 0.205 Thread 0x000002be0b513850 Exception <a 'sun/nio/fs/WindowsException'{0x000000008a4d9608}> (0x000000008a4d9608) 
thrown [./open/src/hotspot/share/prims/jni.cpp, line 578]
Event: 0.210 Thread 0x000002be0b513850 Exception <a 'java/lang/NoSuchMethodError'{0x000000008a4fdc70}: 'java.lang.Object java.lang.invoke.DirectMethodHandle$Holder.invokeStatic(java.lang.Object)'> (0x000000008a4fdc70) 
thrown [./open/src/hotspot/share/interpreter/linkResolver.cpp, line 782]
Event: 0.210 Thread 0x000002be0b513850 Exception <a 'java/lang/NoSuchMethodError'{0x000000008a314be0}: 'java.lang.Object java.lang.invoke.DirectMethodHandle$Holder.invokeStaticInit(java.lang.Object)'> (0x000000008a314be0) 
thrown [./open/src/hotspot/share/interpreter/linkResolver.cpp, line 782]
Event: 0.821 Thread 0x000002be0b513850 Exception <a 'sun/nio/fs/WindowsException'{0x000000008a28f360}> (0x000000008a28f360) 
thrown [./open/src/hotspot/share/prims/jni.cpp, line 578]
Event: 0.821 Thread 0x000002be0b513850 Exception <a 'sun/nio/fs/WindowsException'{0x000000008a28f6e8}> (0x000000008a28f6e8) 
thrown [./open/src/hotspot/share/prims/jni.cpp, line 578]
Event: 0.836 Thread 0x000002be0b513850 Exception <a 'java/lang/NoSuchMethodError'{0x000000008a2cf5d8}: 'void java.lang.invoke.DirectMethodHandle$Holder.invokeStatic(java.lang.Object, int, int)'> (0x000000008a2cf5d8) 
thrown [./open/src/hotspot/share/interpreter/linkResolver.cpp, line 782]
Event: 0.837 Thread 0x000002be0b513850 Exception <a 'java/lang/NoSuchMethodError'{0x000000008a2d2d60}: 'void java.lang.invoke.DirectMethodHandle$Holder.invokeStaticInit(java.lang.Object, int, int)'> (0x000000008a2d2d60) 
thrown [./open/src/hotspot/share/interpreter/linkResolver.cpp, line 782]
Event: 0.875 Thread 0x000002be0b513850 Exception <a 'sun/nio/fs/WindowsException'{0x000000008a1a7860}> (0x000000008a1a7860) 
thrown [./open/src/hotspot/share/prims/jni.cpp, line 578]
Event: 0.875 Thread 0x000002be0b513850 Exception <a 'sun/nio/fs/WindowsException'{0x000000008a1a7c10}> (0x000000008a1a7c10) 
thrown [./open/src/hotspot/share/prims/jni.cpp, line 578]
Event: 0.879 Thread 0x000002be0b513850 Exception <a 'sun/nio/fs/WindowsException'{0x000000008a1b4a58}> (0x000000008a1b4a58) 
thrown [./open/src/hotspot/share/prims/jni.cpp, line 578]
Event: 0.879 Thread 0x000002be0b513850 Exception <a 'sun/nio/fs/WindowsException'{0x000000008a1b4d40}> (0x000000008a1b4d40) 
thrown [./open/src/hotspot/share/prims/jni.cpp, line 578]
Event: 1.069 Thread 0x000002be0b513850 Exception <a 'java/lang/NoSuchMethodError'{0x000000008993f930}: 'void java.lang.invoke.DirectMethodHandle$Holder.invokeSpecial(java.lang.Object, java.lang.Object, int, java.lang.Object)'> (0x000000008993f930) 
thrown [./open/src/hotspot/share/interpreter/linkResolver.cpp, line 782]
Event: 1.074 Thread 0x000002be0b513850 Exception <a 'java/lang/NoSuchMethodError'{0x00000000899464e8}: 'java.lang.Object java.lang.invoke.DirectMethodHandle$Holder.newInvokeSpecial(java.lang.Object, java.lang.Object, int)'> (0x00000000899464e8) 
thrown [./open/src/hotspot/share/interpreter/linkResolver.cpp, line 782]
Event: 1.137 Thread 0x000002be0b513850 Exception <a 'java/lang/NoSuchMethodError'{0x0000000089814448}: 'java.lang.Object java.lang.invoke.Invokers$Holder.invokeExact_MT(java.lang.Object, java.lang.Object, java.lang.Object, java.lang.Object, java.lang.Object, java.lang.Object)'> (0x0000000089814448) 
thrown [./open/src/hotspot/share/interpreter/linkResolver.cpp, line 782]

Events (20 events):
Event: 0.868 loading class com/sun/org/apache/xerces/internal/impl/io/MalformedByteSequenceException done
Event: 0.877 Loaded shared library C:\Users\thesk\AppData\Local\Temp\lwjglthesk\3.2.3-build-13\lwjgl_opengl.dll
Event: 0.913 Thread 0x000002be2b173740 Thread added: 0x000002be2b173740
Event: 0.920 Loaded shared library C:\Users\thesk\AppData\Local\Temp\lwjglthesk\3.2.3-build-13\lwjgl.dll
Event: 0.930 Loaded shared library C:\Users\thesk\AppData\Local\Temp\lwjglthesk\3.2.3-build-13\lwjgl.dll
Event: 1.024 loading class jdk/internal/reflect/UnsafeQualifiedLongFieldAccessorImpl
Event: 1.024 loading class jdk/internal/reflect/UnsafeQualifiedFieldAccessorImpl
Event: 1.024 loading class jdk/internal/reflect/UnsafeQualifiedFieldAccessorImpl done
Event: 1.024 loading class jdk/internal/reflect/UnsafeQualifiedLongFieldAccessorImpl done
Event: 1.043 loading class java/io/Externalizable
Event: 1.043 loading class java/io/Externalizable done
Event: 1.046 Loaded shared library C:\Program Files\Java\jdk-15.0.2\bin\verify.dll
Event: 1.101 loading class java/util/LinkedList$ListItr
Event: 1.101 loading class java/util/LinkedList$ListItr done
Event: 1.135 loading class java/util/PriorityQueue
Event: 1.136 loading class java/util/AbstractQueue
Event: 1.136 loading class java/util/AbstractQueue done
Event: 1.136 loading class java/util/PriorityQueue done
Event: 1.177 Executing VM operation: HandshakeAllThreads
Event: 1.177 Executing VM operation: HandshakeAllThreads done


Dynamic libraries:
0x00007ff793110000 - 0x00007ff79311f000 	C:\Program Files\Java\jdk-15.0.2\bin\java.exe
0x00007fffd9510000 - 0x00007fffd9705000 	C:\WINDOWS\SYSTEM32\ntdll.dll
0x00007fffd7540000 - 0x00007fffd75fd000 	C:\WINDOWS\System32\KERNEL32.DLL
0x00007fffd6f80000 - 0x00007fffd7248000 	C:\WINDOWS\System32\KERNELBASE.dll
0x00007fffd6d40000 - 0x00007fffd6e40000 	C:\WINDOWS\System32\ucrtbase.dll
0x00007fffced00000 - 0x00007fffced19000 	C:\Program Files\Java\jdk-15.0.2\bin\VCRUNTIME140.dll
0x00007fffb57f0000 - 0x00007fffb5808000 	C:\Program Files\Java\jdk-15.0.2\bin\jli.dll
0x00007fffd8970000 - 0x00007fffd8a1c000 	C:\WINDOWS\System32\ADVAPI32.dll
0x00007fffd88d0000 - 0x00007fffd896e000 	C:\WINDOWS\System32\msvcrt.dll
0x00007fffd7c10000 - 0x00007fffd7cab000 	C:\WINDOWS\System32\sechost.dll
0x00007fffd92f0000 - 0x00007fffd941b000 	C:\WINDOWS\System32\RPCRT4.dll
0x00007fffd7de0000 - 0x00007fffd7f80000 	C:\WINDOWS\System32\USER32.dll
0x00007fffcd720000 - 0x00007fffcd9ba000 	C:\WINDOWS\WinSxS\amd64_microsoft.windows.common-controls_6595b64144ccf1df_6.0.19041.844_none_ca00b6081b84eb1d\COMCTL32.dll
0x00007fffd6e40000 - 0x00007fffd6e62000 	C:\WINDOWS\System32\win32u.dll
0x00007fffd7960000 - 0x00007fffd798a000 	C:\WINDOWS\System32\GDI32.dll
0x00007fffd6e70000 - 0x00007fffd6f7b000 	C:\WINDOWS\System32\gdi32full.dll
0x00007fffd6c50000 - 0x00007fffd6ced000 	C:\WINDOWS\System32\msvcp_win.dll
0x00007fffd04f0000 - 0x00007fffd04fa000 	C:\WINDOWS\SYSTEM32\VERSION.dll
0x00007fffd76a0000 - 0x00007fffd76d0000 	C:\WINDOWS\System32\IMM32.DLL
0x00007fffd2230000 - 0x00007fffd223c000 	C:\Program Files\Java\jdk-15.0.2\bin\vcruntime140_1.dll
0x00007fffaaac0000 - 0x00007fffaab51000 	C:\Program Files\Java\jdk-15.0.2\bin\msvcp140.dll
0x00007fff8f340000 - 0x00007fff8fe9e000 	C:\Program Files\Java\jdk-15.0.2\bin\server\jvm.dll
0x00007fffd7600000 - 0x00007fffd7608000 	C:\WINDOWS\System32\PSAPI.DLL
0x00007fffd2240000 - 0x00007fffd2249000 	C:\WINDOWS\SYSTEM32\WSOCK32.dll
0x00007fffcded0000 - 0x00007fffcdef7000 	C:\WINDOWS\SYSTEM32\WINMM.dll
0x00007fffd82e0000 - 0x00007fffd834b000 	C:\WINDOWS\System32\WS2_32.dll
0x00007fffd5710000 - 0x00007fffd5722000 	C:\WINDOWS\SYSTEM32\kernel.appcore.dll
0x00007fffd13b0000 - 0x00007fffd13ba000 	C:\Program Files\Java\jdk-15.0.2\bin\jimage.dll
0x00007fffd4a80000 - 0x00007fffd4c64000 	C:\WINDOWS\SYSTEM32\DBGHELP.DLL
0x00007fffc2300000 - 0x00007fffc232c000 	C:\WINDOWS\SYSTEM32\dbgcore.DLL
0x00007fffd7250000 - 0x00007fffd72d0000 	C:\WINDOWS\System32\bcryptPrimitives.dll
0x00007fffab590000 - 0x00007fffab5b5000 	C:\Program Files\Java\jdk-15.0.2\bin\java.dll
0x00007fffd8a20000 - 0x00007fffd9162000 	C:\WINDOWS\System32\SHELL32.dll
0x00007fffd4c90000 - 0x00007fffd5420000 	C:\WINDOWS\SYSTEM32\windows.storage.dll
0x00007fffd7f80000 - 0x00007fffd82d5000 	C:\WINDOWS\System32\combase.dll
0x00007fffd6690000 - 0x00007fffd66bc000 	C:\WINDOWS\SYSTEM32\Wldp.dll
0x00007fffd9180000 - 0x00007fffd922e000 	C:\WINDOWS\System32\SHCORE.dll
0x00007fffd8350000 - 0x00007fffd83a5000 	C:\WINDOWS\System32\shlwapi.dll
0x00007fffd6b60000 - 0x00007fffd6b7f000 	C:\WINDOWS\SYSTEM32\profapi.dll
0x00007fffcece0000 - 0x00007fffcecf9000 	C:\Program Files\Java\jdk-15.0.2\bin\net.dll
0x00007fffceeb0000 - 0x00007fffcefbb000 	C:\WINDOWS\SYSTEM32\WINHTTP.dll
0x00007fffd6400000 - 0x00007fffd646a000 	C:\WINDOWS\system32\mswsock.dll
0x00007fffc3a70000 - 0x00007fffc3a82000 	C:\Program Files\Java\jdk-15.0.2\bin\nio.dll
0x00007fffb6d80000 - 0x00007fffb6d98000 	C:\Program Files\Java\jdk-15.0.2\bin\zip.dll
0x00007fff8cb40000 - 0x00007fff8cba4000 	C:\Users\thesk\AppData\Local\Temp\lwjglthesk\3.2.3-build-13\lwjgl.dll
0x00007fff8c850000 - 0x00007fff8c8b2000 	C:\Users\thesk\AppData\Local\Temp\lwjglthesk\3.2.3-build-13\glfw.dll
0x00007fffd42b0000 - 0x00007fffd434e000 	C:\WINDOWS\system32\uxtheme.dll
0x00007fffa3520000 - 0x00007fffa3565000 	C:\WINDOWS\SYSTEM32\dinput8.dll
0x00007fffb02c0000 - 0x00007fffb02d1000 	C:\WINDOWS\SYSTEM32\xinput1_4.dll
0x00007fffd6cf0000 - 0x00007fffd6d3e000 	C:\WINDOWS\System32\cfgmgr32.dll
0x00007fffd69f0000 - 0x00007fffd6a1c000 	C:\WINDOWS\SYSTEM32\DEVOBJ.dll
0x00007fffd4660000 - 0x00007fffd468f000 	C:\WINDOWS\SYSTEM32\dwmapi.dll
0x00007fffcc940000 - 0x00007fffcca92000 	C:\WINDOWS\SYSTEM32\inputhost.dll
0x00007fffd7990000 - 0x00007fffd7a5d000 	C:\WINDOWS\System32\OLEAUT32.dll
0x00007fffd37d0000 - 0x00007fffd3924000 	C:\WINDOWS\SYSTEM32\wintypes.dll
0x00007fffd40e0000 - 0x00007fffd41d2000 	C:\WINDOWS\SYSTEM32\CoreMessaging.dll
0x00007fffd1ab0000 - 0x00007fffd1ba7000 	C:\WINDOWS\SYSTEM32\PROPSYS.dll
0x00007fffd3c50000 - 0x00007fffd3fae000 	C:\WINDOWS\SYSTEM32\CoreUIComponents.dll
0x00007fffd5960000 - 0x00007fffd5993000 	C:\WINDOWS\SYSTEM32\ntmarta.dll
0x00007fffd7840000 - 0x00007fffd7955000 	C:\WINDOWS\System32\MSCTF.dll
0x00007fffd54e0000 - 0x00007fffd54ed000 	C:\WINDOWS\SYSTEM32\HID.DLL
0x00007fffd83b0000 - 0x00007fffd8819000 	C:\WINDOWS\System32\SETUPAPI.DLL
0x00007fffd6c20000 - 0x00007fffd6c47000 	C:\WINDOWS\System32\bcrypt.dll
0x00007fffd72d0000 - 0x00007fffd7330000 	C:\WINDOWS\System32\WINTRUST.dll
0x00007fffd73e0000 - 0x00007fffd753f000 	C:\WINDOWS\System32\CRYPT32.dll
0x00007fffd6810000 - 0x00007fffd6822000 	C:\WINDOWS\SYSTEM32\MSASN1.dll
0x00007fffa7390000 - 0x00007fffa74b6000 	C:\WINDOWS\SYSTEM32\opengl32.dll
0x00007fffc19e0000 - 0x00007fffc1a0c000 	C:\WINDOWS\SYSTEM32\GLU32.dll
0x00007fffd8820000 - 0x00007fffd88c9000 	C:\WINDOWS\System32\clbcatq.dll
0x00007fff68e20000 - 0x00007fff69cdf000 	C:\WINDOWS\System32\DriverStore\FileRepository\igdlh64.inf_amd64_1a33d2f73651d989\ig9icd64.dll
0x00007fffd1e00000 - 0x00007fffd1e14000 	C:\WINDOWS\SYSTEM32\WTSAPI32.dll
0x00007fffd5570000 - 0x00007fffd5664000 	C:\WINDOWS\SYSTEM32\dxgi.dll
0x00007fffc83e0000 - 0x00007fffc841b000 	C:\WINDOWS\SYSTEM32\dxcore.dll
0x00007fffc4d10000 - 0x00007fffc6aa5000 	C:\WINDOWS\System32\DriverStore\FileRepository\igdlh64.inf_amd64_1a33d2f73651d989\igc64.dll
0x00007fffd6210000 - 0x00007fffd625b000 	C:\WINDOWS\SYSTEM32\powrprof.dll
0x00007fffd6080000 - 0x00007fffd6092000 	C:\WINDOWS\SYSTEM32\UMPDC.dll
0x00007fff88180000 - 0x00007fff881f7000 	C:\Users\thesk\AppData\Local\Temp\lwjglthesk\3.2.3-build-13\lwjgl_stb.dll
0x00007fffd1fd0000 - 0x00007fffd207e000 	C:\WINDOWS\SYSTEM32\mscms.dll
0x00007fffd1de0000 - 0x00007fffd1df1000 	C:\WINDOWS\SYSTEM32\ColorAdapterClient.dll
0x00007fffd6ae0000 - 0x00007fffd6b0e000 	C:\WINDOWS\SYSTEM32\USERENV.dll
0x00007fffc8c20000 - 0x00007fffc8c63000 	C:\WINDOWS\SYSTEM32\icm32.dll
0x00007fff9c0a0000 - 0x00007fff9c0f9000 	C:\Users\thesk\AppData\Local\Temp\lwjglthesk\3.2.3-build-13\lwjgl_opengl.dll
0x00007fffd0ce0000 - 0x00007fffd0cf0000 	C:\Program Files\Java\jdk-15.0.2\bin\verify.dll

dbghelp: loaded successfully - version: 4.0.5 - missing functions: none
symbol engine: initialized successfully - sym options: 0x614 - pdb path: .;C:\Program Files\Java\jdk-15.0.2\bin;C:\WINDOWS\SYSTEM32;C:\WINDOWS\WinSxS\amd64_microsoft.windows.common-controls_6595b64144ccf1df_6.0.19041.844_none_ca00b6081b84eb1d;C:\Program Files\Java\jdk-15.0.2\bin\server;C:\Users\thesk\AppData\Local\Temp\lwjglthesk\3.2.3-build-13;C:\WINDOWS\System32\DriverStore\FileRepository\igdlh64.inf_amd64_1a33d2f73651d989

VM Arguments:
jvm_args: -Dfile.encoding=UTF-8 --module-path=C:\Users\thesk\Documents\Projects\XJGE\XJGE-2\build\classes 
java_command: dev.theskidster.xjge2.test.Test
java_class_path (initial): C:\Users\thesk\Documents\Projects\XJGE\XJGE-2\dependencies\joml-1.10.1.jar;C:\Users\thesk\Documents\Projects\XJGE\XJGE-2\dependencies\lwjgl-assimp-natives-windows.jar;C:\Users\thesk\Documents\Projects\XJGE\XJGE-2\dependencies\lwjgl-assimp.jar;C:\Users\thesk\Documents\Projects\XJGE\XJGE-2\dependencies\lwjgl-glfw-natives-windows.jar;C:\Users\thesk\Documents\Projects\XJGE\XJGE-2\dependencies\lwjgl-glfw.jar;C:\Users\thesk\Documents\Projects\XJGE\XJGE-2\dependencies\lwjgl-natives-windows.jar;C:\Users\thesk\Documents\Projects\XJGE\XJGE-2\dependencies\lwjgl-openal-natives-windows.jar;C:\Users\thesk\Documents\Projects\XJGE\XJGE-2\dependencies\lwjgl-openal.jar;C:\Users\thesk\Documents\Projects\XJGE\XJGE-2\dependencies\lwjgl-opengl-natives-windows.jar;C:\Users\thesk\Documents\Projects\XJGE\XJGE-2\dependencies\lwjgl-opengl.jar;C:\Users\thesk\Documents\Projects\XJGE\XJGE-2\dependencies\lwjgl-stb-natives-windows.jar;C:\Users\thesk\Documents\Projects\XJGE\XJGE-2\dependencies\lwjgl-stb.jar;C:\Users\thesk\Documents\Projects\XJGE\XJGE-2\dependencies\lwjgl.jar;C:\Users\thesk\Documents\Projects\XJGE\XJGE-2\build\classes
Launcher Type: SUN_STANDARD

[Global flags]
     intx CICompilerCount                          = 4                                         {product} {ergonomic}
     uint ConcGCThreads                            = 2                                         {product} {ergonomic}
     uint G1ConcRefinementThreads                  = 8                                         {product} {ergonomic}
   size_t G1HeapRegionSize                         = 1048576                                   {product} {ergonomic}
    uintx GCDrainStackTargetSize                   = 64                                        {product} {ergonomic}
   size_t InitialHeapSize                          = 132120576                                 {product} {ergonomic}
   size_t MarkStackSize                            = 4194304                                   {product} {ergonomic}
   size_t MaxHeapSize                              = 2103443456                                {product} {ergonomic}
   size_t MaxNewSize                               = 1261436928                                {product} {ergonomic}
   size_t MinHeapDeltaBytes                        = 1048576                                   {product} {ergonomic}
   size_t MinHeapSize                              = 8388608                                   {product} {ergonomic}
    uintx NonNMethodCodeHeapSize                   = 5839372                                {pd product} {ergonomic}
    uintx NonProfiledCodeHeapSize                  = 122909434                              {pd product} {ergonomic}
    uintx ProfiledCodeHeapSize                     = 122909434                              {pd product} {ergonomic}
    uintx ReservedCodeCacheSize                    = 251658240                              {pd product} {ergonomic}
     bool SegmentedCodeCache                       = true                                      {product} {ergonomic}
   size_t SoftMaxHeapSize                          = 2103443456                             {manageable} {ergonomic}
     bool UseCompressedClassPointers               = true                                 {lp64_product} {ergonomic}
     bool UseCompressedOops                        = true                                 {lp64_product} {ergonomic}
     bool UseG1GC                                  = true                                      {product} {ergonomic}
     bool UseLargePagesIndividualAllocation        = false                                  {pd product} {ergonomic}

Logging:
Log output configuration:
 #0: stdout all=warning uptime,level,tags
 #1: stderr all=off uptime,level,tags

Environment Variables:
JAVA_HOME=C:\Program Files\Java\jdk-15.0.2
PATH=C:\Program Files\Common Files\Oracle\Java\javapath;C:\Program Files\Java\jdk-15.0.2\bin;C:\Program Files\Microsoft MPI\Bin\;C:\Windows\system32;C:\Windows;C:\Windows\System32\Wbem;C:\Windows\System32\WindowsPowerShell\v1.0\;C:\Program Files (x86)\NVIDIA Corporation\PhysX\Common;C:\WINDOWS\system32;C:\WINDOWS;C:\WINDOWS\System32\Wbem;C:\WINDOWS\System32\WindowsPowerShell\v1.0\;C:\Program Files\Microsoft SQL Server\130\Tools\Binn\;C:\Program Files (x86)\Microsoft SQL Server\130\Tools\Binn\;C:\Program Files (x86)\Microsoft SQL Server\130\DTS\Binn\;C:\Program Files\Microsoft SQL Server\130\DTS\Binn\;C:\Program Files\Microsoft SQL Server\Client SDK\ODBC\130\Tools\Binn\;C:\Program Files (x86)\Microsoft SQL Server\Client SDK\ODBC\130\Tools\Binn\;C:\Program Files (x86)\Microsoft SQL Server\140\Tools\Binn\;C:\Program Files (x86)\Microsoft SQL Server\140\DTS\Binn\;C:\Program Files (x86)\Microsoft SQL Server\140\Tools\Binn\ManagementStudio\;C:\Program Files\Git\cmd;C:\WINDOWS\System32\OpenSSH\;C:\Program Files\dotnet\;C:\Program Files (x86)\dotnet\;C:\cygwin64\bin;C:\Users\thesk\AppData\Local\Microsoft\WindowsApps;C:\Users\thesk\AppData\Local\Microsoft\WindowsApps;C:\Users\thesk\.dotnet\tools;
USERNAME=thesk
OS=Windows_NT
PROCESSOR_IDENTIFIER=Intel64 Family 6 Model 94 Stepping 3, GenuineIntel



---------------  S Y S T E M  ---------------

OS:
 Windows 10 , 64 bit Build 19041 (10.0.19041.928)
OS uptime: 4 days 0:04 hours

CPU: total 8 (initial active 8) (4 cores per cpu, 2 threads per core) family 6 model 94 stepping 3 microcode 0xcc, cmov, cx8, fxsr, mmx, sse, sse2, sse3, ssse3, sse4.1, sse4.2, popcnt, vzeroupper, avx, avx2, aes, clmul, erms, rtm, 3dnowpref, lzcnt, ht, tsc, tscinvbit, bmi1, bmi2, adx, fma, clflush, clflushopt

Memory: 4k page, system-wide physical 8019M (2286M free)
TotalPageFile size 13907M (AvailPageFile size 2777M)
current process WorkingSet (physical memory assigned to process): 112M, peak: 112M
current process commit charge ("private bytes"): 247M, peak: 247M

vm_info: Java HotSpot(TM) 64-Bit Server VM (15.0.2+7-27) for windows-amd64 JRE (15.0.2+7-27), built on Dec  7 2020 20:07:01 by "mach5one" with unknown MS VC++:1925

END.
